<?xml version="1.0" encoding="UTF-8"?>
<!-- Generated by org.testng.reporters.JUnitReportReporter -->
<testsuite hostname="Lenovo-PC" name="hellodear01.lohit01" tests="1" failures="0" timestamp="4 Jul 2017 03:45:56 GMT" time="0.027" errors="0">
  <testcase name="launch" time="0.027" classname="hellodear01.lohit01"/>
</testsuite> <!-- hellodear01.lohit01 -->
